Error at: 119
<string>:1:0:ERROR:VALID:DTD_CONTENT_MODEL: Element body content does not follow the DTD, expecting (section | (list | table | p | pre) | skip | later)*, got (p p p p p p p p p CDATA)
<document {http://www.w3.org/XML/1998/namespace}lang="sma" id="no_id">
    <header>
        <title>
            Magnimaster Gold, Åarjelsaemien
        </title>
        <genre code="facta">
        </genre>
        <author>
            <unknown>
            </unknown>
        </author>
        <wordcount>
            115
        </wordcount>
        <conversion_status type="standard">
        </conversion_status>
        <availability>
            <free>
            </free>
        </availability>
        <submitter name="Kevin Brubeck Unhammer" email="unhammer@fsfe.org">
        </submitter>
        <multilingual>
            <language {http://www.w3.org/XML/1998/namespace}lang="sma">
            </language>
            <language {http://www.w3.org/XML/1998/namespace}lang="nob">
            </language>
        </multilingual>
        <origFileName>
            http://www.learoevierhtieh.no/wips/362064874
        </origFileName>
        <parallel_text {http://www.w3.org/XML/1998/namespace}lang="dan" location="">
        </parallel_text>
        <parallel_text {http://www.w3.org/XML/1998/namespace}lang="eng" location="">
        </parallel_text>
        <parallel_text {http://www.w3.org/XML/1998/namespace}lang="fin" location="">
        </parallel_text>
        <parallel_text {http://www.w3.org/XML/1998/namespace}lang="fit" location="">
        </parallel_text>
        <parallel_text {http://www.w3.org/XML/1998/namespace}lang="fkv" location="">
        </parallel_text>
        <parallel_text {http://www.w3.org/XML/1998/namespace}lang="ger" location="">
        </parallel_text>
        <parallel_text {http://www.w3.org/XML/1998/namespace}lang="isl" location="">
        </parallel_text>
        <parallel_text {http://www.w3.org/XML/1998/namespace}lang="kal" location="">
        </parallel_text>
        <parallel_text {http://www.w3.org/XML/1998/namespace}lang="kpv" location="">
        </parallel_text>
        <parallel_text {http://www.w3.org/XML/1998/namespace}lang="nno" location="">
        </parallel_text>
        <parallel_text {http://www.w3.org/XML/1998/namespace}lang="nob" location="1958666541.html">
        </parallel_text>
        <parallel_text {http://www.w3.org/XML/1998/namespace}lang="rus" location="">
        </parallel_text>
        <parallel_text {http://www.w3.org/XML/1998/namespace}lang="sma" location="">
        </parallel_text>
        <parallel_text {http://www.w3.org/XML/1998/namespace}lang="sme" location="">
        </parallel_text>
        <parallel_text {http://www.w3.org/XML/1998/namespace}lang="smj" location="">
        </parallel_text>
        <parallel_text {http://www.w3.org/XML/1998/namespace}lang="smn" location="">
        </parallel_text>
        <parallel_text {http://www.w3.org/XML/1998/namespace}lang="sms" location="">
        </parallel_text>
        <parallel_text {http://www.w3.org/XML/1998/namespace}lang="swe" location="">
        </parallel_text>
        <metadata>
            <uncomplete>
            </uncomplete>
        </metadata>
        <version>
            XSLtemplate $Revision$; file-specific xsl  Revision; common.xsl  $Revision$;
        </version>
    </header>
    <body>
        <p>
            Magnimaster Gold, Åarjelsaemien
        </p>
        <p>
            Logg inn i Learoevierhtieh
        </p>
        <p>
            Gorredh gïelem
        </p>
        <p type="title">
            Provgramme Magnimaster Gold – Åarjelsaemien
        </p>
        <p>
            Nordlaanten Fylhkeålma, Byjjehtimmie – jih ööhpehtimmiegoevtese lea prosjeekten tjïrrh
            <span type="quote">
                ”Learoevierhtieh evtiedidh jih sjiehtesjidh eleegktronigke ööhpehtæmman”
            </span>
        jaarkoestamme jih sjiehtesjamme learoevierhtieh pedagogihken provgrammese, Magnimaster Gold.
        </p>
        <p>
            Daennie prosjeektesne Helen Blind Brandsfjell jaarkoestamme jih sjiehtesjamme provgrammem åarjelsaemien-gïelese. Provgramme-tjaelijen barkoem lea jaarkoestamme, dan mænngan lea vuartasjamme guktie daaroen-gïelese jih noerhtesaemien-gïelese provgrammem dorjeme.
        </p>
        <p>
            Noerhte-Nöörjen Maahtoejarngen Tor Persen lea vihkeles raeriejgujmie dåarjelamme guktie Noerhtesaemien-gïelese provgrammem dorjeme. Prosjeekte lea aaj ohtsedamme maanaj-gærjine jih learohki-teekstine baakoej mietie mah jeenemes nuhtjieh. Nimhtie provgramme Magnimaster åarjelsaemien-gïelese sjïdti. Dihte gie provgrammesne låhka lea Gaebpien Maajja Læjsa.
        </p>
        <p>
            Provgramme-veeljemeteeksth lea daaroen-gïeleste jih eenglaanten-gïeleste åarjelsaemien-gïelese jaarkoestamme.
        </p>
        <p>
            Saemiedigkien Gïelegoevtese lea provgrammen sisvegem jih daatovren-baakojde staeriedamme jih dååhkasjehteme.
        </p>
    Fylkesmannen i Nordland © 2005 - Design og løsning © Seria
    </body>
</document>
